2014-04-29 12:46:18 Debug: Notice (8): Undefined index: ModuleMaster in [C:\xampp\htdocs\jouleinfra\app\View\RoleMasters\admin_edit.ctp, line 59]
Trace:
include - APP\View\RoleMasters\admin_edit.ctp, line 59
View::_evaluate() - CORE\Cake\View\View.php, line 948
View::_render() - CORE\Cake\View\View.php, line 910
View::render() - CORE\Cake\View\View.php, line 471
Controller::render() - CORE\Cake\Controller\Controller.php, line 948
Dispatcher::_invoke() - CORE\Cake\Routing\Dispatcher.php, line 194
Dispatcher::dispatch() - CORE\Cake\Routing\Dispatcher.php, line 162
[main] - APP\webroot\index.php, line 109

2014-04-29 12:46:18 Debug: Notice (8): Undefined index: ModuleMaster in [C:\xampp\htdocs\jouleinfra\app\View\RoleMasters\admin_edit.ctp, line 64]
Trace:
include - APP\View\RoleMasters\admin_edit.ctp, line 64
View::_evaluate() - CORE\Cake\View\View.php, line 948
View::_render() - CORE\Cake\View\View.php, line 910
View::render() - CORE\Cake\View\View.php, line 471
Controller::render() - CORE\Cake\Controller\Controller.php, line 948
Dispatcher::_invoke() - CORE\Cake\Routing\Dispatcher.php, line 194
Dispatcher::dispatch() - CORE\Cake\Routing\Dispatcher.php, line 162
[main] - APP\webroot\index.php, line 109

2014-04-29 12:46:18 Debug: Notice (8): Undefined index: ModuleMaster in [C:\xampp\htdocs\jouleinfra\app\View\RoleMasters\admin_edit.ctp, line 65]
Trace:
include - APP\View\RoleMasters\admin_edit.ctp, line 65
View::_evaluate() - CORE\Cake\View\View.php, line 948
View::_render() - CORE\Cake\View\View.php, line 910
View::render() - CORE\Cake\View\View.php, line 471
Controller::render() - CORE\Cake\Controller\Controller.php, line 948
Dispatcher::_invoke() - CORE\Cake\Routing\Dispatcher.php, line 194
Dispatcher::dispatch() - CORE\Cake\Routing\Dispatcher.php, line 162
[main] - APP\webroot\index.php, line 109

2014-04-29 12:46:18 Debug: Notice (8): Undefined index: ModuleMaster in [C:\xampp\htdocs\jouleinfra\app\View\RoleMasters\admin_edit.ctp, line 71]
Trace:
include - APP\View\RoleMasters\admin_edit.ctp, line 71
View::_evaluate() - CORE\Cake\View\View.php, line 948
View::_render() - CORE\Cake\View\View.php, line 910
View::render() - CORE\Cake\View\View.php, line 471
Controller::render() - CORE\Cake\Controller\Controller.php, line 948
Dispatcher::_invoke() - CORE\Cake\Routing\Dispatcher.php, line 194
Dispatcher::dispatch() - CORE\Cake\Routing\Dispatcher.php, line 162
[main] - APP\webroot\index.php, line 109

2014-04-29 12:46:18 Debug: Notice (8): Undefined index: ModuleMaster in [C:\xampp\htdocs\jouleinfra\app\View\RoleMasters\admin_edit.ctp, line 73]
Trace:
include - APP\View\RoleMasters\admin_edit.ctp, line 73
View::_evaluate() - CORE\Cake\View\View.php, line 948
View::_render() - CORE\Cake\View\View.php, line 910
View::render() - CORE\Cake\View\View.php, line 471
Controller::render() - CORE\Cake\Controller\Controller.php, line 948
Dispatcher::_invoke() - CORE\Cake\Routing\Dispatcher.php, line 194
Dispatcher::dispatch() - CORE\Cake\Routing\Dispatcher.php, line 162
[main] - APP\webroot\index.php, line 109

2014-04-29 12:46:18 Debug: Notice (8): Undefined index: PermissionModuleMaster in [C:\xampp\htdocs\jouleinfra\app\View\RoleMasters\admin_edit.ctp, line 80]
Trace:
include - APP\View\RoleMasters\admin_edit.ctp, line 80
View::_evaluate() - CORE\Cake\View\View.php, line 948
View::_render() - CORE\Cake\View\View.php, line 910
View::render() - CORE\Cake\View\View.php, line 471
Controller::render() - CORE\Cake\Controller\Controller.php, line 948
Dispatcher::_invoke() - CORE\Cake\Routing\Dispatcher.php, line 194
Dispatcher::dispatch() - CORE\Cake\Routing\Dispatcher.php, line 162
[main] - APP\webroot\index.php, line 109

2014-04-29 12:46:18 Debug: Notice (8): Undefined index: ModuleMaster in [C:\xampp\htdocs\jouleinfra\app\View\RoleMasters\admin_edit.ctp, line 87]
Trace:
include - APP\View\RoleMasters\admin_edit.ctp, line 87
View::_evaluate() - CORE\Cake\View\View.php, line 948
View::_render() - CORE\Cake\View\View.php, line 910
View::render() - CORE\Cake\View\View.php, line 471
Controller::render() - CORE\Cake\Controller\Controller.php, line 948
Dispatcher::_invoke() - CORE\Cake\Routing\Dispatcher.php, line 194
Dispatcher::dispatch() - CORE\Cake\Routing\Dispatcher.php, line 162
[main] - APP\webroot\index.php, line 109

2014-04-29 12:46:18 Debug: Notice (8): Undefined index: PermissionModuleMaster in [C:\xampp\htdocs\jouleinfra\app\View\RoleMasters\admin_edit.ctp, line 94]
Trace:
include - APP\View\RoleMasters\admin_edit.ctp, line 94
View::_evaluate() - CORE\Cake\View\View.php, line 948
View::_render() - CORE\Cake\View\View.php, line 910
View::render() - CORE\Cake\View\View.php, line 471
Controller::render() - CORE\Cake\Controller\Controller.php, line 948
Dispatcher::_invoke() - CORE\Cake\Routing\Dispatcher.php, line 194
Dispatcher::dispatch() - CORE\Cake\Routing\Dispatcher.php, line 162
[main] - APP\webroot\index.php, line 109

2014-04-29 12:46:18 Debug: Notice (8): Undefined index: ModuleMaster in [C:\xampp\htdocs\jouleinfra\app\View\RoleMasters\admin_edit.ctp, line 100]
Trace:
include - APP\View\RoleMasters\admin_edit.ctp, line 100
View::_evaluate() - CORE\Cake\View\View.php, line 948
View::_render() - CORE\Cake\View\View.php, line 910
View::render() - CORE\Cake\View\View.php, line 471
Controller::render() - CORE\Cake\Controller\Controller.php, line 948
Dispatcher::_invoke() - CORE\Cake\Routing\Dispatcher.php, line 194
Dispatcher::dispatch() - CORE\Cake\Routing\Dispatcher.php, line 162
[main] - APP\webroot\index.php, line 109

2014-04-29 12:46:18 Debug: Notice (8): Undefined index: PermissionModuleMaster in [C:\xampp\htdocs\jouleinfra\app\View\RoleMasters\admin_edit.ctp, line 107]
Trace:
include - APP\View\RoleMasters\admin_edit.ctp, line 107
View::_evaluate() - CORE\Cake\View\View.php, line 948
View::_render() - CORE\Cake\View\View.php, line 910
View::render() - CORE\Cake\View\View.php, line 471
Controller::render() - CORE\Cake\Controller\Controller.php, line 948
Dispatcher::_invoke() - CORE\Cake\Routing\Dispatcher.php, line 194
Dispatcher::dispatch() - CORE\Cake\Routing\Dispatcher.php, line 162
[main] - APP\webroot\index.php, line 109

2014-04-29 12:46:18 Debug: Notice (8): Undefined index: PermissionModuleMaster in [C:\xampp\htdocs\jouleinfra\app\View\RoleMasters\admin_edit.ctp, line 108]
Trace:
include - APP\View\RoleMasters\admin_edit.ctp, line 108
View::_evaluate() - CORE\Cake\View\View.php, line 948
View::_render() - CORE\Cake\View\View.php, line 910
View::render() - CORE\Cake\View\View.php, line 471
Controller::render() - CORE\Cake\Controller\Controller.php, line 948
Dispatcher::_invoke() - CORE\Cake\Routing\Dispatcher.php, line 194
Dispatcher::dispatch() - CORE\Cake\Routing\Dispatcher.php, line 162
[main] - APP\webroot\index.php, line 109

2014-04-29 12:46:49 Debug: Notice (8): Undefined index: ModuleMaster in [C:\xampp\htdocs\jouleinfra\app\View\RoleMasters\admin_edit.ctp, line 59]
Trace:
include - APP\View\RoleMasters\admin_edit.ctp, line 59
View::_evaluate() - CORE\Cake\View\View.php, line 948
View::_render() - CORE\Cake\View\View.php, line 910
View::render() - CORE\Cake\View\View.php, line 471
Controller::render() - CORE\Cake\Controller\Controller.php, line 948
Dispatcher::_invoke() - CORE\Cake\Routing\Dispatcher.php, line 194
Dispatcher::dispatch() - CORE\Cake\Routing\Dispatcher.php, line 162
[main] - APP\webroot\index.php, line 109

2014-04-29 12:46:49 Debug: Notice (8): Undefined index: ModuleMaster in [C:\xampp\htdocs\jouleinfra\app\View\RoleMasters\admin_edit.ctp, line 64]
Trace:
include - APP\View\RoleMasters\admin_edit.ctp, line 64
View::_evaluate() - CORE\Cake\View\View.php, line 948
View::_render() - CORE\Cake\View\View.php, line 910
View::render() - CORE\Cake\View\View.php, line 471
Controller::render() - CORE\Cake\Controller\Controller.php, line 948
Dispatcher::_invoke() - CORE\Cake\Routing\Dispatcher.php, line 194
Dispatcher::dispatch() - CORE\Cake\Routing\Dispatcher.php, line 162
[main] - APP\webroot\index.php, line 109

2014-04-29 12:46:49 Debug: Notice (8): Undefined index: ModuleMaster in [C:\xampp\htdocs\jouleinfra\app\View\RoleMasters\admin_edit.ctp, line 65]
Trace:
include - APP\View\RoleMasters\admin_edit.ctp, line 65
View::_evaluate() - CORE\Cake\View\View.php, line 948
View::_render() - CORE\Cake\View\View.php, line 910
View::render() - CORE\Cake\View\View.php, line 471
Controller::render() - CORE\Cake\Controller\Controller.php, line 948
Dispatcher::_invoke() - CORE\Cake\Routing\Dispatcher.php, line 194
Dispatcher::dispatch() - CORE\Cake\Routing\Dispatcher.php, line 162
[main] - APP\webroot\index.php, line 109

2014-04-29 12:46:49 Debug: Notice (8): Undefined index: ModuleMaster in [C:\xampp\htdocs\jouleinfra\app\View\RoleMasters\admin_edit.ctp, line 71]
Trace:
include - APP\View\RoleMasters\admin_edit.ctp, line 71
View::_evaluate() - CORE\Cake\View\View.php, line 948
View::_render() - CORE\Cake\View\View.php, line 910
View::render() - CORE\Cake\View\View.php, line 471
Controller::render() - CORE\Cake\Controller\Controller.php, line 948
Dispatcher::_invoke() - CORE\Cake\Routing\Dispatcher.php, line 194
Dispatcher::dispatch() - CORE\Cake\Routing\Dispatcher.php, line 162
[main] - APP\webroot\index.php, line 109

2014-04-29 12:46:49 Debug: Notice (8): Undefined index: ModuleMaster in [C:\xampp\htdocs\jouleinfra\app\View\RoleMasters\admin_edit.ctp, line 73]
Trace:
include - APP\View\RoleMasters\admin_edit.ctp, line 73
View::_evaluate() - CORE\Cake\View\View.php, line 948
View::_render() - CORE\Cake\View\View.php, line 910
View::render() - CORE\Cake\View\View.php, line 471
Controller::render() - CORE\Cake\Controller\Controller.php, line 948
Dispatcher::_invoke() - CORE\Cake\Routing\Dispatcher.php, line 194
Dispatcher::dispatch() - CORE\Cake\Routing\Dispatcher.php, line 162
[main] - APP\webroot\index.php, line 109

2014-04-29 12:46:49 Debug: Notice (8): Undefined index: PermissionModuleMaster in [C:\xampp\htdocs\jouleinfra\app\View\RoleMasters\admin_edit.ctp, line 80]
Trace:
include - APP\View\RoleMasters\admin_edit.ctp, line 80
View::_evaluate() - CORE\Cake\View\View.php, line 948
View::_render() - CORE\Cake\View\View.php, line 910
View::render() - CORE\Cake\View\View.php, line 471
Controller::render() - CORE\Cake\Controller\Controller.php, line 948
Dispatcher::_invoke() - CORE\Cake\Routing\Dispatcher.php, line 194
Dispatcher::dispatch() - CORE\Cake\Routing\Dispatcher.php, line 162
[main] - APP\webroot\index.php, line 109

2014-04-29 12:46:49 Debug: Notice (8): Undefined index: ModuleMaster in [C:\xampp\htdocs\jouleinfra\app\View\RoleMasters\admin_edit.ctp, line 87]
Trace:
include - APP\View\RoleMasters\admin_edit.ctp, line 87
View::_evaluate() - CORE\Cake\View\View.php, line 948
View::_render() - CORE\Cake\View\View.php, line 910
View::render() - CORE\Cake\View\View.php, line 471
Controller::render() - CORE\Cake\Controller\Controller.php, line 948
Dispatcher::_invoke() - CORE\Cake\Routing\Dispatcher.php, line 194
Dispatcher::dispatch() - CORE\Cake\Routing\Dispatcher.php, line 162
[main] - APP\webroot\index.php, line 109

2014-04-29 12:46:49 Debug: Notice (8): Undefined index: PermissionModuleMaster in [C:\xampp\htdocs\jouleinfra\app\View\RoleMasters\admin_edit.ctp, line 94]
Trace:
include - APP\View\RoleMasters\admin_edit.ctp, line 94
View::_evaluate() - CORE\Cake\View\View.php, line 948
View::_render() - CORE\Cake\View\View.php, line 910
View::render() - CORE\Cake\View\View.php, line 471
Controller::render() - CORE\Cake\Controller\Controller.php, line 948
Dispatcher::_invoke() - CORE\Cake\Routing\Dispatcher.php, line 194
Dispatcher::dispatch() - CORE\Cake\Routing\Dispatcher.php, line 162
[main] - APP\webroot\index.php, line 109

2014-04-29 12:46:49 Debug: Notice (8): Undefined index: ModuleMaster in [C:\xampp\htdocs\jouleinfra\app\View\RoleMasters\admin_edit.ctp, line 100]
Trace:
include - APP\View\RoleMasters\admin_edit.ctp, line 100
View::_evaluate() - CORE\Cake\View\View.php, line 948
View::_render() - CORE\Cake\View\View.php, line 910
View::render() - CORE\Cake\View\View.php, line 471
Controller::render() - CORE\Cake\Controller\Controller.php, line 948
Dispatcher::_invoke() - CORE\Cake\Routing\Dispatcher.php, line 194
Dispatcher::dispatch() - CORE\Cake\Routing\Dispatcher.php, line 162
[main] - APP\webroot\index.php, line 109

2014-04-29 12:46:49 Debug: Notice (8): Undefined index: PermissionModuleMaster in [C:\xampp\htdocs\jouleinfra\app\View\RoleMasters\admin_edit.ctp, line 107]
Trace:
include - APP\View\RoleMasters\admin_edit.ctp, line 107
View::_evaluate() - CORE\Cake\View\View.php, line 948
View::_render() - CORE\Cake\View\View.php, line 910
View::render() - CORE\Cake\View\View.php, line 471
Controller::render() - CORE\Cake\Controller\Controller.php, line 948
Dispatcher::_invoke() - CORE\Cake\Routing\Dispatcher.php, line 194
Dispatcher::dispatch() - CORE\Cake\Routing\Dispatcher.php, line 162
[main] - APP\webroot\index.php, line 109

2014-04-29 12:46:49 Debug: Notice (8): Undefined index: PermissionModuleMaster in [C:\xampp\htdocs\jouleinfra\app\View\RoleMasters\admin_edit.ctp, line 108]
Trace:
include - APP\View\RoleMasters\admin_edit.ctp, line 108
View::_evaluate() - CORE\Cake\View\View.php, line 948
View::_render() - CORE\Cake\View\View.php, line 910
View::render() - CORE\Cake\View\View.php, line 471
Controller::render() - CORE\Cake\Controller\Controller.php, line 948
Dispatcher::_invoke() - CORE\Cake\Routing\Dispatcher.php, line 194
Dispatcher::dispatch() - CORE\Cake\Routing\Dispatcher.php, line 162
[main] - APP\webroot\index.php, line 109

2014-04-29 12:49:06 Debug: Notice (8): Undefined index: ModuleMaster in [C:\xampp\htdocs\jouleinfra\app\View\RoleMasters\admin_edit.ctp, line 60]
Trace:
include - APP\View\RoleMasters\admin_edit.ctp, line 60
View::_evaluate() - CORE\Cake\View\View.php, line 948
View::_render() - CORE\Cake\View\View.php, line 910
View::render() - CORE\Cake\View\View.php, line 471
Controller::render() - CORE\Cake\Controller\Controller.php, line 948
Dispatcher::_invoke() - CORE\Cake\Routing\Dispatcher.php, line 194
Dispatcher::dispatch() - CORE\Cake\Routing\Dispatcher.php, line 162
[main] - APP\webroot\index.php, line 109

2014-04-29 12:49:06 Debug: Notice (8): Undefined index: ModuleMaster in [C:\xampp\htdocs\jouleinfra\app\View\RoleMasters\admin_edit.ctp, line 65]
Trace:
include - APP\View\RoleMasters\admin_edit.ctp, line 65
View::_evaluate() - CORE\Cake\View\View.php, line 948
View::_render() - CORE\Cake\View\View.php, line 910
View::render() - CORE\Cake\View\View.php, line 471
Controller::render() - CORE\Cake\Controller\Controller.php, line 948
Dispatcher::_invoke() - CORE\Cake\Routing\Dispatcher.php, line 194
Dispatcher::dispatch() - CORE\Cake\Routing\Dispatcher.php, line 162
[main] - APP\webroot\index.php, line 109

2014-04-29 12:49:06 Debug: Notice (8): Undefined index: ModuleMaster in [C:\xampp\htdocs\jouleinfra\app\View\RoleMasters\admin_edit.ctp, line 66]
Trace:
include - APP\View\RoleMasters\admin_edit.ctp, line 66
View::_evaluate() - CORE\Cake\View\View.php, line 948
View::_render() - CORE\Cake\View\View.php, line 910
View::render() - CORE\Cake\View\View.php, line 471
Controller::render() - CORE\Cake\Controller\Controller.php, line 948
Dispatcher::_invoke() - CORE\Cake\Routing\Dispatcher.php, line 194
Dispatcher::dispatch() - CORE\Cake\Routing\Dispatcher.php, line 162
[main] - APP\webroot\index.php, line 109

2014-04-29 12:49:06 Debug: Notice (8): Undefined index: ModuleMaster in [C:\xampp\htdocs\jouleinfra\app\View\RoleMasters\admin_edit.ctp, line 72]
Trace:
include - APP\View\RoleMasters\admin_edit.ctp, line 72
View::_evaluate() - CORE\Cake\View\View.php, line 948
View::_render() - CORE\Cake\View\View.php, line 910
View::render() - CORE\Cake\View\View.php, line 471
Controller::render() - CORE\Cake\Controller\Controller.php, line 948
Dispatcher::_invoke() - CORE\Cake\Routing\Dispatcher.php, line 194
Dispatcher::dispatch() - CORE\Cake\Routing\Dispatcher.php, line 162
[main] - APP\webroot\index.php, line 109

2014-04-29 12:49:06 Debug: Notice (8): Undefined index: ModuleMaster in [C:\xampp\htdocs\jouleinfra\app\View\RoleMasters\admin_edit.ctp, line 76]
Trace:
include - APP\View\RoleMasters\admin_edit.ctp, line 76
View::_evaluate() - CORE\Cake\View\View.php, line 948
View::_render() - CORE\Cake\View\View.php, line 910
View::render() - CORE\Cake\View\View.php, line 471
Controller::render() - CORE\Cake\Controller\Controller.php, line 948
Dispatcher::_invoke() - CORE\Cake\Routing\Dispatcher.php, line 194
Dispatcher::dispatch() - CORE\Cake\Routing\Dispatcher.php, line 162
[main] - APP\webroot\index.php, line 109

2014-04-29 12:49:06 Debug: Notice (8): Undefined index: PermissionModuleMaster in [C:\xampp\htdocs\jouleinfra\app\View\RoleMasters\admin_edit.ctp, line 83]
Trace:
include - APP\View\RoleMasters\admin_edit.ctp, line 83
View::_evaluate() - CORE\Cake\View\View.php, line 948
View::_render() - CORE\Cake\View\View.php, line 910
View::render() - CORE\Cake\View\View.php, line 471
Controller::render() - CORE\Cake\Controller\Controller.php, line 948
Dispatcher::_invoke() - CORE\Cake\Routing\Dispatcher.php, line 194
Dispatcher::dispatch() - CORE\Cake\Routing\Dispatcher.php, line 162
[main] - APP\webroot\index.php, line 109

2014-04-29 12:49:06 Debug: Notice (8): Undefined index: ModuleMaster in [C:\xampp\htdocs\jouleinfra\app\View\RoleMasters\admin_edit.ctp, line 91]
Trace:
include - APP\View\RoleMasters\admin_edit.ctp, line 91
View::_evaluate() - CORE\Cake\View\View.php, line 948
View::_render() - CORE\Cake\View\View.php, line 910
View::render() - CORE\Cake\View\View.php, line 471
Controller::render() - CORE\Cake\Controller\Controller.php, line 948
Dispatcher::_invoke() - CORE\Cake\Routing\Dispatcher.php, line 194
Dispatcher::dispatch() - CORE\Cake\Routing\Dispatcher.php, line 162
[main] - APP\webroot\index.php, line 109

2014-04-29 12:49:06 Debug: Notice (8): Undefined index: PermissionModuleMaster in [C:\xampp\htdocs\jouleinfra\app\View\RoleMasters\admin_edit.ctp, line 98]
Trace:
include - APP\View\RoleMasters\admin_edit.ctp, line 98
View::_evaluate() - CORE\Cake\View\View.php, line 948
View::_render() - CORE\Cake\View\View.php, line 910
View::render() - CORE\Cake\View\View.php, line 471
Controller::render() - CORE\Cake\Controller\Controller.php, line 948
Dispatcher::_invoke() - CORE\Cake\Routing\Dispatcher.php, line 194
Dispatcher::dispatch() - CORE\Cake\Routing\Dispatcher.php, line 162
[main] - APP\webroot\index.php, line 109

2014-04-29 12:49:06 Debug: Notice (8): Undefined index: ModuleMaster in [C:\xampp\htdocs\jouleinfra\app\View\RoleMasters\admin_edit.ctp, line 105]
Trace:
include - APP\View\RoleMasters\admin_edit.ctp, line 105
View::_evaluate() - CORE\Cake\View\View.php, line 948
View::_render() - CORE\Cake\View\View.php, line 910
View::render() - CORE\Cake\View\View.php, line 471
Controller::render() - CORE\Cake\Controller\Controller.php, line 948
Dispatcher::_invoke() - CORE\Cake\Routing\Dispatcher.php, line 194
Dispatcher::dispatch() - CORE\Cake\Routing\Dispatcher.php, line 162
[main] - APP\webroot\index.php, line 109

2014-04-29 12:49:06 Debug: Notice (8): Undefined index: PermissionModuleMaster in [C:\xampp\htdocs\jouleinfra\app\View\RoleMasters\admin_edit.ctp, line 112]
Trace:
include - APP\View\RoleMasters\admin_edit.ctp, line 112
View::_evaluate() - CORE\Cake\View\View.php, line 948
View::_render() - CORE\Cake\View\View.php, line 910
View::render() - CORE\Cake\View\View.php, line 471
Controller::render() - CORE\Cake\Controller\Controller.php, line 948
Dispatcher::_invoke() - CORE\Cake\Routing\Dispatcher.php, line 194
Dispatcher::dispatch() - CORE\Cake\Routing\Dispatcher.php, line 162
[main] - APP\webroot\index.php, line 109

2014-04-29 12:50:08 Debug: Notice (8): Undefined index: ModuleMaster in [C:\xampp\htdocs\jouleinfra\app\View\RoleMasters\admin_edit.ctp, line 60]
Trace:
include - APP\View\RoleMasters\admin_edit.ctp, line 60
View::_evaluate() - CORE\Cake\View\View.php, line 948
View::_render() - CORE\Cake\View\View.php, line 910
View::render() - CORE\Cake\View\View.php, line 471
Controller::render() - CORE\Cake\Controller\Controller.php, line 948
Dispatcher::_invoke() - CORE\Cake\Routing\Dispatcher.php, line 194
Dispatcher::dispatch() - CORE\Cake\Routing\Dispatcher.php, line 162
[main] - APP\webroot\index.php, line 109

2014-04-29 12:50:08 Debug: Notice (8): Undefined index: ModuleMaster in [C:\xampp\htdocs\jouleinfra\app\View\RoleMasters\admin_edit.ctp, line 65]
Trace:
include - APP\View\RoleMasters\admin_edit.ctp, line 65
View::_evaluate() - CORE\Cake\View\View.php, line 948
View::_render() - CORE\Cake\View\View.php, line 910
View::render() - CORE\Cake\View\View.php, line 471
Controller::render() - CORE\Cake\Controller\Controller.php, line 948
Dispatcher::_invoke() - CORE\Cake\Routing\Dispatcher.php, line 194
Dispatcher::dispatch() - CORE\Cake\Routing\Dispatcher.php, line 162
[main] - APP\webroot\index.php, line 109

2014-04-29 12:50:08 Debug: Notice (8): Undefined index: ModuleMaster in [C:\xampp\htdocs\jouleinfra\app\View\RoleMasters\admin_edit.ctp, line 66]
Trace:
include - APP\View\RoleMasters\admin_edit.ctp, line 66
View::_evaluate() - CORE\Cake\View\View.php, line 948
View::_render() - CORE\Cake\View\View.php, line 910
View::render() - CORE\Cake\View\View.php, line 471
Controller::render() - CORE\Cake\Controller\Controller.php, line 948
Dispatcher::_invoke() - CORE\Cake\Routing\Dispatcher.php, line 194
Dispatcher::dispatch() - CORE\Cake\Routing\Dispatcher.php, line 162
[main] - APP\webroot\index.php, line 109

2014-04-29 12:50:08 Debug: Notice (8): Undefined index: ModuleMaster in [C:\xampp\htdocs\jouleinfra\app\View\RoleMasters\admin_edit.ctp, line 72]
Trace:
include - APP\View\RoleMasters\admin_edit.ctp, line 72
View::_evaluate() - CORE\Cake\View\View.php, line 948
View::_render() - CORE\Cake\View\View.php, line 910
View::render() - CORE\Cake\View\View.php, line 471
Controller::render() - CORE\Cake\Controller\Controller.php, line 948
Dispatcher::_invoke() - CORE\Cake\Routing\Dispatcher.php, line 194
Dispatcher::dispatch() - CORE\Cake\Routing\Dispatcher.php, line 162
[main] - APP\webroot\index.php, line 109

2014-04-29 12:50:08 Debug: Notice (8): Undefined index: ModuleMaster in [C:\xampp\htdocs\jouleinfra\app\View\RoleMasters\admin_edit.ctp, line 76]
Trace:
include - APP\View\RoleMasters\admin_edit.ctp, line 76
View::_evaluate() - CORE\Cake\View\View.php, line 948
View::_render() - CORE\Cake\View\View.php, line 910
View::render() - CORE\Cake\View\View.php, line 471
Controller::render() - CORE\Cake\Controller\Controller.php, line 948
Dispatcher::_invoke() - CORE\Cake\Routing\Dispatcher.php, line 194
Dispatcher::dispatch() - CORE\Cake\Routing\Dispatcher.php, line 162
[main] - APP\webroot\index.php, line 109

2014-04-29 12:50:08 Debug: Notice (8): Undefined index: PermissionModuleMaster in [C:\xampp\htdocs\jouleinfra\app\View\RoleMasters\admin_edit.ctp, line 83]
Trace:
include - APP\View\RoleMasters\admin_edit.ctp, line 83
View::_evaluate() - CORE\Cake\View\View.php, line 948
View::_render() - CORE\Cake\View\View.php, line 910
View::render() - CORE\Cake\View\View.php, line 471
Controller::render() - CORE\Cake\Controller\Controller.php, line 948
Dispatcher::_invoke() - CORE\Cake\Routing\Dispatcher.php, line 194
Dispatcher::dispatch() - CORE\Cake\Routing\Dispatcher.php, line 162
[main] - APP\webroot\index.php, line 109

2014-04-29 12:50:08 Debug: Notice (8): Undefined index: ModuleMaster in [C:\xampp\htdocs\jouleinfra\app\View\RoleMasters\admin_edit.ctp, line 91]
Trace:
include - APP\View\RoleMasters\admin_edit.ctp, line 91
View::_evaluate() - CORE\Cake\View\View.php, line 948
View::_render() - CORE\Cake\View\View.php, line 910
View::render() - CORE\Cake\View\View.php, line 471
Controller::render() - CORE\Cake\Controller\Controller.php, line 948
Dispatcher::_invoke() - CORE\Cake\Routing\Dispatcher.php, line 194
Dispatcher::dispatch() - CORE\Cake\Routing\Dispatcher.php, line 162
[main] - APP\webroot\index.php, line 109

2014-04-29 12:50:08 Debug: Notice (8): Undefined index: PermissionModuleMaster in [C:\xampp\htdocs\jouleinfra\app\View\RoleMasters\admin_edit.ctp, line 98]
Trace:
include - APP\View\RoleMasters\admin_edit.ctp, line 98
View::_evaluate() - CORE\Cake\View\View.php, line 948
View::_render() - CORE\Cake\View\View.php, line 910
View::render() - CORE\Cake\View\View.php, line 471
Controller::render() - CORE\Cake\Controller\Controller.php, line 948
Dispatcher::_invoke() - CORE\Cake\Routing\Dispatcher.php, line 194
Dispatcher::dispatch() - CORE\Cake\Routing\Dispatcher.php, line 162
[main] - APP\webroot\index.php, line 109

2014-04-29 12:50:08 Debug: Notice (8): Undefined index: ModuleMaster in [C:\xampp\htdocs\jouleinfra\app\View\RoleMasters\admin_edit.ctp, line 105]
Trace:
include - APP\View\RoleMasters\admin_edit.ctp, line 105
View::_evaluate() - CORE\Cake\View\View.php, line 948
View::_render() - CORE\Cake\View\View.php, line 910
View::render() - CORE\Cake\View\View.php, line 471
Controller::render() - CORE\Cake\Controller\Controller.php, line 948
Dispatcher::_invoke() - CORE\Cake\Routing\Dispatcher.php, line 194
Dispatcher::dispatch() - CORE\Cake\Routing\Dispatcher.php, line 162
[main] - APP\webroot\index.php, line 109

2014-04-29 12:50:08 Debug: Notice (8): Undefined index: PermissionModuleMaster in [C:\xampp\htdocs\jouleinfra\app\View\RoleMasters\admin_edit.ctp, line 112]
Trace:
include - APP\View\RoleMasters\admin_edit.ctp, line 112
View::_evaluate() - CORE\Cake\View\View.php, line 948
View::_render() - CORE\Cake\View\View.php, line 910
View::render() - CORE\Cake\View\View.php, line 471
Controller::render() - CORE\Cake\Controller\Controller.php, line 948
Dispatcher::_invoke() - CORE\Cake\Routing\Dispatcher.php, line 194
Dispatcher::dispatch() - CORE\Cake\Routing\Dispatcher.php, line 162
[main] - APP\webroot\index.php, line 109

2014-04-29 12:51:12 Debug: Notice (1024): Element Not Found: Elements\FrontEnd\header_without_login.ctp in [C:\xampp\htdocs\jouleinfra\lib\Cake\View\View.php, line 421]
Trace:
View::element() - CORE\Cake\View\View.php, line 421
include - APP\View\Layouts\FrontEnd\default.ctp, line 29
View::_evaluate() - CORE\Cake\View\View.php, line 948
View::_render() - CORE\Cake\View\View.php, line 910
View::renderLayout() - CORE\Cake\View\View.php, line 535
View::render() - CORE\Cake\View\View.php, line 479
Controller::render() - CORE\Cake\Controller\Controller.php, line 948
ExceptionRenderer::_outputMessage() - CORE\Cake\Error\ExceptionRenderer.php, line 274
ExceptionRenderer::error400() - CORE\Cake\Error\ExceptionRenderer.php, line 220
ExceptionRenderer::render() - CORE\Cake\Error\ExceptionRenderer.php, line 176
ErrorHandler::handleException() - CORE\Cake\Error\ErrorHandler.php, line 123
[main] - [internal], line ??

2014-04-29 12:51:12 Debug: Notice (1024): Element Not Found: Elements\FrontEnd\footer.ctp in [C:\xampp\htdocs\jouleinfra\lib\Cake\View\View.php, line 421]
Trace:
View::element() - CORE\Cake\View\View.php, line 421
include - APP\View\Layouts\FrontEnd\default.ctp, line 35
View::_evaluate() - CORE\Cake\View\View.php, line 948
View::_render() - CORE\Cake\View\View.php, line 910
View::renderLayout() - CORE\Cake\View\View.php, line 535
View::render() - CORE\Cake\View\View.php, line 479
Controller::render() - CORE\Cake\Controller\Controller.php, line 948
ExceptionRenderer::_outputMessage() - CORE\Cake\Error\ExceptionRenderer.php, line 274
ExceptionRenderer::error400() - CORE\Cake\Error\ExceptionRenderer.php, line 220
ExceptionRenderer::render() - CORE\Cake\Error\ExceptionRenderer.php, line 176
ErrorHandler::handleException() - CORE\Cake\Error\ErrorHandler.php, line 123
[main] - [internal], line ??

2014-04-29 12:51:15 Debug: Notice (8): Undefined index: ModuleMaster in [C:\xampp\htdocs\jouleinfra\app\View\RoleMasters\admin_edit.ctp, line 60]
Trace:
include - APP\View\RoleMasters\admin_edit.ctp, line 60
View::_evaluate() - CORE\Cake\View\View.php, line 948
View::_render() - CORE\Cake\View\View.php, line 910
View::render() - CORE\Cake\View\View.php, line 471
Controller::render() - CORE\Cake\Controller\Controller.php, line 948
Dispatcher::_invoke() - CORE\Cake\Routing\Dispatcher.php, line 194
Dispatcher::dispatch() - CORE\Cake\Routing\Dispatcher.php, line 162
[main] - APP\webroot\index.php, line 109

2014-04-29 12:51:15 Debug: Notice (8): Undefined index: ModuleMaster in [C:\xampp\htdocs\jouleinfra\app\View\RoleMasters\admin_edit.ctp, line 65]
Trace:
include - APP\View\RoleMasters\admin_edit.ctp, line 65
View::_evaluate() - CORE\Cake\View\View.php, line 948
View::_render() - CORE\Cake\View\View.php, line 910
View::render() - CORE\Cake\View\View.php, line 471
Controller::render() - CORE\Cake\Controller\Controller.php, line 948
Dispatcher::_invoke() - CORE\Cake\Routing\Dispatcher.php, line 194
Dispatcher::dispatch() - CORE\Cake\Routing\Dispatcher.php, line 162
[main] - APP\webroot\index.php, line 109

2014-04-29 12:51:15 Debug: Notice (8): Undefined index: ModuleMaster in [C:\xampp\htdocs\jouleinfra\app\View\RoleMasters\admin_edit.ctp, line 66]
Trace:
include - APP\View\RoleMasters\admin_edit.ctp, line 66
View::_evaluate() - CORE\Cake\View\View.php, line 948
View::_render() - CORE\Cake\View\View.php, line 910
View::render() - CORE\Cake\View\View.php, line 471
Controller::render() - CORE\Cake\Controller\Controller.php, line 948
Dispatcher::_invoke() - CORE\Cake\Routing\Dispatcher.php, line 194
Dispatcher::dispatch() - CORE\Cake\Routing\Dispatcher.php, line 162
[main] - APP\webroot\index.php, line 109

2014-04-29 12:51:15 Debug: Notice (8): Undefined index: ModuleMaster in [C:\xampp\htdocs\jouleinfra\app\View\RoleMasters\admin_edit.ctp, line 72]
Trace:
include - APP\View\RoleMasters\admin_edit.ctp, line 72
View::_evaluate() - CORE\Cake\View\View.php, line 948
View::_render() - CORE\Cake\View\View.php, line 910
View::render() - CORE\Cake\View\View.php, line 471
Controller::render() - CORE\Cake\Controller\Controller.php, line 948
Dispatcher::_invoke() - CORE\Cake\Routing\Dispatcher.php, line 194
Dispatcher::dispatch() - CORE\Cake\Routing\Dispatcher.php, line 162
[main] - APP\webroot\index.php, line 109

2014-04-29 12:51:15 Debug: Notice (8): Undefined index: ModuleMaster in [C:\xampp\htdocs\jouleinfra\app\View\RoleMasters\admin_edit.ctp, line 76]
Trace:
include - APP\View\RoleMasters\admin_edit.ctp, line 76
View::_evaluate() - CORE\Cake\View\View.php, line 948
View::_render() - CORE\Cake\View\View.php, line 910
View::render() - CORE\Cake\View\View.php, line 471
Controller::render() - CORE\Cake\Controller\Controller.php, line 948
Dispatcher::_invoke() - CORE\Cake\Routing\Dispatcher.php, line 194
Dispatcher::dispatch() - CORE\Cake\Routing\Dispatcher.php, line 162
[main] - APP\webroot\index.php, line 109

2014-04-29 12:51:15 Debug: Notice (8): Undefined index: PermissionModuleMaster in [C:\xampp\htdocs\jouleinfra\app\View\RoleMasters\admin_edit.ctp, line 83]
Trace:
include - APP\View\RoleMasters\admin_edit.ctp, line 83
View::_evaluate() - CORE\Cake\View\View.php, line 948
View::_render() - CORE\Cake\View\View.php, line 910
View::render() - CORE\Cake\View\View.php, line 471
Controller::render() - CORE\Cake\Controller\Controller.php, line 948
Dispatcher::_invoke() - CORE\Cake\Routing\Dispatcher.php, line 194
Dispatcher::dispatch() - CORE\Cake\Routing\Dispatcher.php, line 162
[main] - APP\webroot\index.php, line 109

2014-04-29 12:51:15 Debug: Notice (8): Undefined index: ModuleMaster in [C:\xampp\htdocs\jouleinfra\app\View\RoleMasters\admin_edit.ctp, line 91]
Trace:
include - APP\View\RoleMasters\admin_edit.ctp, line 91
View::_evaluate() - CORE\Cake\View\View.php, line 948
View::_render() - CORE\Cake\View\View.php, line 910
View::render() - CORE\Cake\View\View.php, line 471
Controller::render() - CORE\Cake\Controller\Controller.php, line 948
Dispatcher::_invoke() - CORE\Cake\Routing\Dispatcher.php, line 194
Dispatcher::dispatch() - CORE\Cake\Routing\Dispatcher.php, line 162
[main] - APP\webroot\index.php, line 109

2014-04-29 12:51:15 Debug: Notice (8): Undefined index: PermissionModuleMaster in [C:\xampp\htdocs\jouleinfra\app\View\RoleMasters\admin_edit.ctp, line 98]
Trace:
include - APP\View\RoleMasters\admin_edit.ctp, line 98
View::_evaluate() - CORE\Cake\View\View.php, line 948
View::_render() - CORE\Cake\View\View.php, line 910
View::render() - CORE\Cake\View\View.php, line 471
Controller::render() - CORE\Cake\Controller\Controller.php, line 948
Dispatcher::_invoke() - CORE\Cake\Routing\Dispatcher.php, line 194
Dispatcher::dispatch() - CORE\Cake\Routing\Dispatcher.php, line 162
[main] - APP\webroot\index.php, line 109

2014-04-29 12:51:15 Debug: Notice (8): Undefined index: ModuleMaster in [C:\xampp\htdocs\jouleinfra\app\View\RoleMasters\admin_edit.ctp, line 105]
Trace:
include - APP\View\RoleMasters\admin_edit.ctp, line 105
View::_evaluate() - CORE\Cake\View\View.php, line 948
View::_render() - CORE\Cake\View\View.php, line 910
View::render() - CORE\Cake\View\View.php, line 471
Controller::render() - CORE\Cake\Controller\Controller.php, line 948
Dispatcher::_invoke() - CORE\Cake\Routing\Dispatcher.php, line 194
Dispatcher::dispatch() - CORE\Cake\Routing\Dispatcher.php, line 162
[main] - APP\webroot\index.php, line 109

2014-04-29 12:51:15 Debug: Notice (8): Undefined index: PermissionModuleMaster in [C:\xampp\htdocs\jouleinfra\app\View\RoleMasters\admin_edit.ctp, line 112]
Trace:
include - APP\View\RoleMasters\admin_edit.ctp, line 112
View::_evaluate() - CORE\Cake\View\View.php, line 948
View::_render() - CORE\Cake\View\View.php, line 910
View::render() - CORE\Cake\View\View.php, line 471
Controller::render() - CORE\Cake\Controller\Controller.php, line 948
Dispatcher::_invoke() - CORE\Cake\Routing\Dispatcher.php, line 194
Dispatcher::dispatch() - CORE\Cake\Routing\Dispatcher.php, line 162
[main] - APP\webroot\index.php, line 109

2014-04-30 11:24:53 Debug: Notice (1024): Element Not Found: Elements\FrontEnd\header_without_login.ctp in [C:\xampp\htdocs\jouleinfra\lib\Cake\View\View.php, line 421]
Trace:
View::element() - CORE\Cake\View\View.php, line 421
include - APP\View\Layouts\FrontEnd\default.ctp, line 29
View::_evaluate() - CORE\Cake\View\View.php, line 948
View::_render() - CORE\Cake\View\View.php, line 910
View::renderLayout() - CORE\Cake\View\View.php, line 535
View::render() - CORE\Cake\View\View.php, line 479
Controller::render() - CORE\Cake\Controller\Controller.php, line 948
ExceptionRenderer::_outputMessage() - CORE\Cake\Error\ExceptionRenderer.php, line 274
ExceptionRenderer::error400() - CORE\Cake\Error\ExceptionRenderer.php, line 220
ExceptionRenderer::render() - CORE\Cake\Error\ExceptionRenderer.php, line 176
ErrorHandler::handleException() - CORE\Cake\Error\ErrorHandler.php, line 123
[main] - [internal], line ??

2014-04-30 11:24:53 Debug: Notice (1024): Element Not Found: Elements\FrontEnd\footer.ctp in [C:\xampp\htdocs\jouleinfra\lib\Cake\View\View.php, line 421]
Trace:
View::element() - CORE\Cake\View\View.php, line 421
include - APP\View\Layouts\FrontEnd\default.ctp, line 35
View::_evaluate() - CORE\Cake\View\View.php, line 948
View::_render() - CORE\Cake\View\View.php, line 910
View::renderLayout() - CORE\Cake\View\View.php, line 535
View::render() - CORE\Cake\View\View.php, line 479
Controller::render() - CORE\Cake\Controller\Controller.php, line 948
ExceptionRenderer::_outputMessage() - CORE\Cake\Error\ExceptionRenderer.php, line 274
ExceptionRenderer::error400() - CORE\Cake\Error\ExceptionRenderer.php, line 220
ExceptionRenderer::render() - CORE\Cake\Error\ExceptionRenderer.php, line 176
ErrorHandler::handleException() - CORE\Cake\Error\ErrorHandler.php, line 123
[main] - [internal], line ??

2014-04-30 11:24:53 Debug: Notice (1024): Element Not Found: Elements\FrontEnd\header_without_login.ctp in [C:\xampp\htdocs\jouleinfra\lib\Cake\View\View.php, line 421]
Trace:
View::element() - CORE\Cake\View\View.php, line 421
include - APP\View\Layouts\FrontEnd\default.ctp, line 29
View::_evaluate() - CORE\Cake\View\View.php, line 948
View::_render() - CORE\Cake\View\View.php, line 910
View::renderLayout() - CORE\Cake\View\View.php, line 535
View::render() - CORE\Cake\View\View.php, line 479
Controller::render() - CORE\Cake\Controller\Controller.php, line 948
ExceptionRenderer::_outputMessage() - CORE\Cake\Error\ExceptionRenderer.php, line 274
ExceptionRenderer::error400() - CORE\Cake\Error\ExceptionRenderer.php, line 220
ExceptionRenderer::render() - CORE\Cake\Error\ExceptionRenderer.php, line 176
ErrorHandler::handleException() - CORE\Cake\Error\ErrorHandler.php, line 123
[main] - [internal], line ??

2014-04-30 11:24:53 Debug: Notice (1024): Element Not Found: Elements\FrontEnd\footer.ctp in [C:\xampp\htdocs\jouleinfra\lib\Cake\View\View.php, line 421]
Trace:
View::element() - CORE\Cake\View\View.php, line 421
include - APP\View\Layouts\FrontEnd\default.ctp, line 35
View::_evaluate() - CORE\Cake\View\View.php, line 948
View::_render() - CORE\Cake\View\View.php, line 910
View::renderLayout() - CORE\Cake\View\View.php, line 535
View::render() - CORE\Cake\View\View.php, line 479
Controller::render() - CORE\Cake\Controller\Controller.php, line 948
ExceptionRenderer::_outputMessage() - CORE\Cake\Error\ExceptionRenderer.php, line 274
ExceptionRenderer::error400() - CORE\Cake\Error\ExceptionRenderer.php, line 220
ExceptionRenderer::render() - CORE\Cake\Error\ExceptionRenderer.php, line 176
ErrorHandler::handleException() - CORE\Cake\Error\ErrorHandler.php, line 123
[main] - [internal], line ??

2014-04-30 11:24:54 Debug: Notice (1024): Element Not Found: Elements\FrontEnd\header_without_login.ctp in [C:\xampp\htdocs\jouleinfra\lib\Cake\View\View.php, line 421]
Trace:
View::element() - CORE\Cake\View\View.php, line 421
include - APP\View\Layouts\FrontEnd\default.ctp, line 29
View::_evaluate() - CORE\Cake\View\View.php, line 948
View::_render() - CORE\Cake\View\View.php, line 910
View::renderLayout() - CORE\Cake\View\View.php, line 535
View::render() - CORE\Cake\View\View.php, line 479
Controller::render() - CORE\Cake\Controller\Controller.php, line 948
ExceptionRenderer::_outputMessage() - CORE\Cake\Error\ExceptionRenderer.php, line 274
ExceptionRenderer::error400() - CORE\Cake\Error\ExceptionRenderer.php, line 220
ExceptionRenderer::render() - CORE\Cake\Error\ExceptionRenderer.php, line 176
ErrorHandler::handleException() - CORE\Cake\Error\ErrorHandler.php, line 123
[main] - [internal], line ??

2014-04-30 11:24:54 Debug: Notice (1024): Element Not Found: Elements\FrontEnd\footer.ctp in [C:\xampp\htdocs\jouleinfra\lib\Cake\View\View.php, line 421]
Trace:
View::element() - CORE\Cake\View\View.php, line 421
include - APP\View\Layouts\FrontEnd\default.ctp, line 35
View::_evaluate() - CORE\Cake\View\View.php, line 948
View::_render() - CORE\Cake\View\View.php, line 910
View::renderLayout() - CORE\Cake\View\View.php, line 535
View::render() - CORE\Cake\View\View.php, line 479
Controller::render() - CORE\Cake\Controller\Controller.php, line 948
ExceptionRenderer::_outputMessage() - CORE\Cake\Error\ExceptionRenderer.php, line 274
ExceptionRenderer::error400() - CORE\Cake\Error\ExceptionRenderer.php, line 220
ExceptionRenderer::render() - CORE\Cake\Error\ExceptionRenderer.php, line 176
ErrorHandler::handleException() - CORE\Cake\Error\ErrorHandler.php, line 123
[main] - [internal], line ??

2014-04-30 11:24:54 Debug: Notice (1024): Element Not Found: Elements\FrontEnd\header_without_login.ctp in [C:\xampp\htdocs\jouleinfra\lib\Cake\View\View.php, line 421]
Trace:
View::element() - CORE\Cake\View\View.php, line 421
include - APP\View\Layouts\FrontEnd\default.ctp, line 29
View::_evaluate() - CORE\Cake\View\View.php, line 948
View::_render() - CORE\Cake\View\View.php, line 910
View::renderLayout() - CORE\Cake\View\View.php, line 535
View::render() - CORE\Cake\View\View.php, line 479
Controller::render() - CORE\Cake\Controller\Controller.php, line 948
ExceptionRenderer::_outputMessage() - CORE\Cake\Error\ExceptionRenderer.php, line 274
ExceptionRenderer::error400() - CORE\Cake\Error\ExceptionRenderer.php, line 220
ExceptionRenderer::render() - CORE\Cake\Error\ExceptionRenderer.php, line 176
ErrorHandler::handleException() - CORE\Cake\Error\ErrorHandler.php, line 123
[main] - [internal], line ??

2014-04-30 11:24:54 Debug: Notice (1024): Element Not Found: Elements\FrontEnd\footer.ctp in [C:\xampp\htdocs\jouleinfra\lib\Cake\View\View.php, line 421]
Trace:
View::element() - CORE\Cake\View\View.php, line 421
include - APP\View\Layouts\FrontEnd\default.ctp, line 35
View::_evaluate() - CORE\Cake\View\View.php, line 948
View::_render() - CORE\Cake\View\View.php, line 910
View::renderLayout() - CORE\Cake\View\View.php, line 535
View::render() - CORE\Cake\View\View.php, line 479
Controller::render() - CORE\Cake\Controller\Controller.php, line 948
ExceptionRenderer::_outputMessage() - CORE\Cake\Error\ExceptionRenderer.php, line 274
ExceptionRenderer::error400() - CORE\Cake\Error\ExceptionRenderer.php, line 220
ExceptionRenderer::render() - CORE\Cake\Error\ExceptionRenderer.php, line 176
ErrorHandler::handleException() - CORE\Cake\Error\ErrorHandler.php, line 123
[main] - [internal], line ??

2014-04-30 11:24:54 Debug: Notice (1024): Element Not Found: Elements\FrontEnd\header_without_login.ctp in [C:\xampp\htdocs\jouleinfra\lib\Cake\View\View.php, line 421]
Trace:
View::element() - CORE\Cake\View\View.php, line 421
include - APP\View\Layouts\FrontEnd\default.ctp, line 29
View::_evaluate() - CORE\Cake\View\View.php, line 948
View::_render() - CORE\Cake\View\View.php, line 910
View::renderLayout() - CORE\Cake\View\View.php, line 535
View::render() - CORE\Cake\View\View.php, line 479
Controller::render() - CORE\Cake\Controller\Controller.php, line 948
ExceptionRenderer::_outputMessage() - CORE\Cake\Error\ExceptionRenderer.php, line 274
ExceptionRenderer::error400() - CORE\Cake\Error\ExceptionRenderer.php, line 220
ExceptionRenderer::render() - CORE\Cake\Error\ExceptionRenderer.php, line 176
ErrorHandler::handleException() - CORE\Cake\Error\ErrorHandler.php, line 123
[main] - [internal], line ??

2014-04-30 11:24:54 Debug: Notice (1024): Element Not Found: Elements\FrontEnd\footer.ctp in [C:\xampp\htdocs\jouleinfra\lib\Cake\View\View.php, line 421]
Trace:
View::element() - CORE\Cake\View\View.php, line 421
include - APP\View\Layouts\FrontEnd\default.ctp, line 35
View::_evaluate() - CORE\Cake\View\View.php, line 948
View::_render() - CORE\Cake\View\View.php, line 910
View::renderLayout() - CORE\Cake\View\View.php, line 535
View::render() - CORE\Cake\View\View.php, line 479
Controller::render() - CORE\Cake\Controller\Controller.php, line 948
ExceptionRenderer::_outputMessage() - CORE\Cake\Error\ExceptionRenderer.php, line 274
ExceptionRenderer::error400() - CORE\Cake\Error\ExceptionRenderer.php, line 220
ExceptionRenderer::render() - CORE\Cake\Error\ExceptionRenderer.php, line 176
ErrorHandler::handleException() - CORE\Cake\Error\ErrorHandler.php, line 123
[main] - [internal], line ??

2014-04-30 11:24:54 Debug: Notice (1024): Element Not Found: Elements\FrontEnd\header_without_login.ctp in [C:\xampp\htdocs\jouleinfra\lib\Cake\View\View.php, line 421]
Trace:
View::element() - CORE\Cake\View\View.php, line 421
include - APP\View\Layouts\FrontEnd\default.ctp, line 29
View::_evaluate() - CORE\Cake\View\View.php, line 948
View::_render() - CORE\Cake\View\View.php, line 910
View::renderLayout() - CORE\Cake\View\View.php, line 535
View::render() - CORE\Cake\View\View.php, line 479
Controller::render() - CORE\Cake\Controller\Controller.php, line 948
ExceptionRenderer::_outputMessage() - CORE\Cake\Error\ExceptionRenderer.php, line 274
ExceptionRenderer::error400() - CORE\Cake\Error\ExceptionRenderer.php, line 220
ExceptionRenderer::render() - CORE\Cake\Error\ExceptionRenderer.php, line 176
ErrorHandler::handleException() - CORE\Cake\Error\ErrorHandler.php, line 123
[main] - [internal], line ??

2014-04-30 11:24:54 Debug: Notice (1024): Element Not Found: Elements\FrontEnd\footer.ctp in [C:\xampp\htdocs\jouleinfra\lib\Cake\View\View.php, line 421]
Trace:
View::element() - CORE\Cake\View\View.php, line 421
include - APP\View\Layouts\FrontEnd\default.ctp, line 35
View::_evaluate() - CORE\Cake\View\View.php, line 948
View::_render() - CORE\Cake\View\View.php, line 910
View::renderLayout() - CORE\Cake\View\View.php, line 535
View::render() - CORE\Cake\View\View.php, line 479
Controller::render() - CORE\Cake\Controller\Controller.php, line 948
ExceptionRenderer::_outputMessage() - CORE\Cake\Error\ExceptionRenderer.php, line 274
ExceptionRenderer::error400() - CORE\Cake\Error\ExceptionRenderer.php, line 220
ExceptionRenderer::render() - CORE\Cake\Error\ExceptionRenderer.php, line 176
ErrorHandler::handleException() - CORE\Cake\Error\ErrorHandler.php, line 123
[main] - [internal], line ??

2014-04-30 11:24:54 Debug: Notice (1024): Element Not Found: Elements\FrontEnd\header_without_login.ctp in [C:\xampp\htdocs\jouleinfra\lib\Cake\View\View.php, line 421]
Trace:
View::element() - CORE\Cake\View\View.php, line 421
include - APP\View\Layouts\FrontEnd\default.ctp, line 29
View::_evaluate() - CORE\Cake\View\View.php, line 948
View::_render() - CORE\Cake\View\View.php, line 910
View::renderLayout() - CORE\Cake\View\View.php, line 535
View::render() - CORE\Cake\View\View.php, line 479
Controller::render() - CORE\Cake\Controller\Controller.php, line 948
ExceptionRenderer::_outputMessage() - CORE\Cake\Error\ExceptionRenderer.php, line 274
ExceptionRenderer::error400() - CORE\Cake\Error\ExceptionRenderer.php, line 220
ExceptionRenderer::render() - CORE\Cake\Error\ExceptionRenderer.php, line 176
ErrorHandler::handleException() - CORE\Cake\Error\ErrorHandler.php, line 123
[main] - [internal], line ??

2014-04-30 11:24:54 Debug: Notice (1024): Element Not Found: Elements\FrontEnd\footer.ctp in [C:\xampp\htdocs\jouleinfra\lib\Cake\View\View.php, line 421]
Trace:
View::element() - CORE\Cake\View\View.php, line 421
include - APP\View\Layouts\FrontEnd\default.ctp, line 35
View::_evaluate() - CORE\Cake\View\View.php, line 948
View::_render() - CORE\Cake\View\View.php, line 910
View::renderLayout() - CORE\Cake\View\View.php, line 535
View::render() - CORE\Cake\View\View.php, line 479
Controller::render() - CORE\Cake\Controller\Controller.php, line 948
ExceptionRenderer::_outputMessage() - CORE\Cake\Error\ExceptionRenderer.php, line 274
ExceptionRenderer::error400() - CORE\Cake\Error\ExceptionRenderer.php, line 220
ExceptionRenderer::render() - CORE\Cake\Error\ExceptionRenderer.php, line 176
ErrorHandler::handleException() - CORE\Cake\Error\ErrorHandler.php, line 123
[main] - [internal], line ??

2014-04-30 11:24:57 Debug: Notice (1024): Element Not Found: Elements\FrontEnd\header_without_login.ctp in [C:\xampp\htdocs\jouleinfra\lib\Cake\View\View.php, line 421]
Trace:
View::element() - CORE\Cake\View\View.php, line 421
include - APP\View\Layouts\FrontEnd\default.ctp, line 29
View::_evaluate() - CORE\Cake\View\View.php, line 948
View::_render() - CORE\Cake\View\View.php, line 910
View::renderLayout() - CORE\Cake\View\View.php, line 535
View::render() - CORE\Cake\View\View.php, line 479
Controller::render() - CORE\Cake\Controller\Controller.php, line 948
ExceptionRenderer::_outputMessage() - CORE\Cake\Error\ExceptionRenderer.php, line 274
ExceptionRenderer::error400() - CORE\Cake\Error\ExceptionRenderer.php, line 220
ExceptionRenderer::render() - CORE\Cake\Error\ExceptionRenderer.php, line 176
ErrorHandler::handleException() - CORE\Cake\Error\ErrorHandler.php, line 123
[main] - [internal], line ??

2014-04-30 11:24:57 Debug: Notice (1024): Element Not Found: Elements\FrontEnd\footer.ctp in [C:\xampp\htdocs\jouleinfra\lib\Cake\View\View.php, line 421]
Trace:
View::element() - CORE\Cake\View\View.php, line 421
include - APP\View\Layouts\FrontEnd\default.ctp, line 35
View::_evaluate() - CORE\Cake\View\View.php, line 948
View::_render() - CORE\Cake\View\View.php, line 910
View::renderLayout() - CORE\Cake\View\View.php, line 535
View::render() - CORE\Cake\View\View.php, line 479
Controller::render() - CORE\Cake\Controller\Controller.php, line 948
ExceptionRenderer::_outputMessage() - CORE\Cake\Error\ExceptionRenderer.php, line 274
ExceptionRenderer::error400() - CORE\Cake\Error\ExceptionRenderer.php, line 220
ExceptionRenderer::render() - CORE\Cake\Error\ExceptionRenderer.php, line 176
ErrorHandler::handleException() - CORE\Cake\Error\ErrorHandler.php, line 123
[main] - [internal], line ??

2014-04-30 11:24:57 Debug: Notice (1024): Element Not Found: Elements\FrontEnd\header_without_login.ctp in [C:\xampp\htdocs\jouleinfra\lib\Cake\View\View.php, line 421]
Trace:
View::element() - CORE\Cake\View\View.php, line 421
include - APP\View\Layouts\FrontEnd\default.ctp, line 29
View::_evaluate() - CORE\Cake\View\View.php, line 948
View::_render() - CORE\Cake\View\View.php, line 910
View::renderLayout() - CORE\Cake\View\View.php, line 535
View::render() - CORE\Cake\View\View.php, line 479
Controller::render() - CORE\Cake\Controller\Controller.php, line 948
ExceptionRenderer::_outputMessage() - CORE\Cake\Error\ExceptionRenderer.php, line 274
ExceptionRenderer::error400() - CORE\Cake\Error\ExceptionRenderer.php, line 220
ExceptionRenderer::render() - CORE\Cake\Error\ExceptionRenderer.php, line 176
ErrorHandler::handleException() - CORE\Cake\Error\ErrorHandler.php, line 123
[main] - [internal], line ??

2014-04-30 11:24:57 Debug: Notice (1024): Element Not Found: Elements\FrontEnd\footer.ctp in [C:\xampp\htdocs\jouleinfra\lib\Cake\View\View.php, line 421]
Trace:
View::element() - CORE\Cake\View\View.php, line 421
include - APP\View\Layouts\FrontEnd\default.ctp, line 35
View::_evaluate() - CORE\Cake\View\View.php, line 948
View::_render() - CORE\Cake\View\View.php, line 910
View::renderLayout() - CORE\Cake\View\View.php, line 535
View::render() - CORE\Cake\View\View.php, line 479
Controller::render() - CORE\Cake\Controller\Controller.php, line 948
ExceptionRenderer::_outputMessage() - CORE\Cake\Error\ExceptionRenderer.php, line 274
ExceptionRenderer::error400() - CORE\Cake\Error\ExceptionRenderer.php, line 220
ExceptionRenderer::render() - CORE\Cake\Error\ExceptionRenderer.php, line 176
ErrorHandler::handleException() - CORE\Cake\Error\ErrorHandler.php, line 123
[main] - [internal], line ??

2014-04-30 11:24:57 Debug: Notice (1024): Element Not Found: Elements\FrontEnd\header_without_login.ctp in [C:\xampp\htdocs\jouleinfra\lib\Cake\View\View.php, line 421]
Trace:
View::element() - CORE\Cake\View\View.php, line 421
include - APP\View\Layouts\FrontEnd\default.ctp, line 29
View::_evaluate() - CORE\Cake\View\View.php, line 948
View::_render() - CORE\Cake\View\View.php, line 910
View::renderLayout() - CORE\Cake\View\View.php, line 535
View::render() - CORE\Cake\View\View.php, line 479
Controller::render() - CORE\Cake\Controller\Controller.php, line 948
ExceptionRenderer::_outputMessage() - CORE\Cake\Error\ExceptionRenderer.php, line 274
ExceptionRenderer::error400() - CORE\Cake\Error\ExceptionRenderer.php, line 220
ExceptionRenderer::render() - CORE\Cake\Error\ExceptionRenderer.php, line 176
ErrorHandler::handleException() - CORE\Cake\Error\ErrorHandler.php, line 123
[main] - [internal], line ??

2014-04-30 11:24:57 Debug: Notice (1024): Element Not Found: Elements\FrontEnd\footer.ctp in [C:\xampp\htdocs\jouleinfra\lib\Cake\View\View.php, line 421]
Trace:
View::element() - CORE\Cake\View\View.php, line 421
include - APP\View\Layouts\FrontEnd\default.ctp, line 35
View::_evaluate() - CORE\Cake\View\View.php, line 948
View::_render() - CORE\Cake\View\View.php, line 910
View::renderLayout() - CORE\Cake\View\View.php, line 535
View::render() - CORE\Cake\View\View.php, line 479
Controller::render() - CORE\Cake\Controller\Controller.php, line 948
ExceptionRenderer::_outputMessage() - CORE\Cake\Error\ExceptionRenderer.php, line 274
ExceptionRenderer::error400() - CORE\Cake\Error\ExceptionRenderer.php, line 220
ExceptionRenderer::render() - CORE\Cake\Error\ExceptionRenderer.php, line 176
ErrorHandler::handleException() - CORE\Cake\Error\ErrorHandler.php, line 123
[main] - [internal], line ??

2014-04-30 11:24:57 Debug: Notice (1024): Element Not Found: Elements\FrontEnd\header_without_login.ctp in [C:\xampp\htdocs\jouleinfra\lib\Cake\View\View.php, line 421]
Trace:
View::element() - CORE\Cake\View\View.php, line 421
include - APP\View\Layouts\FrontEnd\default.ctp, line 29
View::_evaluate() - CORE\Cake\View\View.php, line 948
View::_render() - CORE\Cake\View\View.php, line 910
View::renderLayout() - CORE\Cake\View\View.php, line 535
View::render() - CORE\Cake\View\View.php, line 479
Controller::render() - CORE\Cake\Controller\Controller.php, line 948
ExceptionRenderer::_outputMessage() - CORE\Cake\Error\ExceptionRenderer.php, line 274
ExceptionRenderer::error400() - CORE\Cake\Error\ExceptionRenderer.php, line 220
ExceptionRenderer::render() - CORE\Cake\Error\ExceptionRenderer.php, line 176
ErrorHandler::handleException() - CORE\Cake\Error\ErrorHandler.php, line 123
[main] - [internal], line ??

2014-04-30 11:24:57 Debug: Notice (1024): Element Not Found: Elements\FrontEnd\footer.ctp in [C:\xampp\htdocs\jouleinfra\lib\Cake\View\View.php, line 421]
Trace:
View::element() - CORE\Cake\View\View.php, line 421
include - APP\View\Layouts\FrontEnd\default.ctp, line 35
View::_evaluate() - CORE\Cake\View\View.php, line 948
View::_render() - CORE\Cake\View\View.php, line 910
View::renderLayout() - CORE\Cake\View\View.php, line 535
View::render() - CORE\Cake\View\View.php, line 479
Controller::render() - CORE\Cake\Controller\Controller.php, line 948
ExceptionRenderer::_outputMessage() - CORE\Cake\Error\ExceptionRenderer.php, line 274
ExceptionRenderer::error400() - CORE\Cake\Error\ExceptionRenderer.php, line 220
ExceptionRenderer::render() - CORE\Cake\Error\ExceptionRenderer.php, line 176
ErrorHandler::handleException() - CORE\Cake\Error\ErrorHandler.php, line 123
[main] - [internal], line ??

2014-04-30 11:24:57 Debug: Notice (1024): Element Not Found: Elements\FrontEnd\header_without_login.ctp in [C:\xampp\htdocs\jouleinfra\lib\Cake\View\View.php, line 421]
Trace:
View::element() - CORE\Cake\View\View.php, line 421
include - APP\View\Layouts\FrontEnd\default.ctp, line 29
View::_evaluate() - CORE\Cake\View\View.php, line 948
View::_render() - CORE\Cake\View\View.php, line 910
View::renderLayout() - CORE\Cake\View\View.php, line 535
View::render() - CORE\Cake\View\View.php, line 479
Controller::render() - CORE\Cake\Controller\Controller.php, line 948
ExceptionRenderer::_outputMessage() - CORE\Cake\Error\ExceptionRenderer.php, line 274
ExceptionRenderer::error400() - CORE\Cake\Error\ExceptionRenderer.php, line 220
ExceptionRenderer::render() - CORE\Cake\Error\ExceptionRenderer.php, line 176
ErrorHandler::handleException() - CORE\Cake\Error\ErrorHandler.php, line 123
[main] - [internal], line ??

2014-04-30 11:24:57 Debug: Notice (1024): Element Not Found: Elements\FrontEnd\footer.ctp in [C:\xampp\htdocs\jouleinfra\lib\Cake\View\View.php, line 421]
Trace:
View::element() - CORE\Cake\View\View.php, line 421
include - APP\View\Layouts\FrontEnd\default.ctp, line 35
View::_evaluate() - CORE\Cake\View\View.php, line 948
View::_render() - CORE\Cake\View\View.php, line 910
View::renderLayout() - CORE\Cake\View\View.php, line 535
View::render() - CORE\Cake\View\View.php, line 479
Controller::render() - CORE\Cake\Controller\Controller.php, line 948
ExceptionRenderer::_outputMessage() - CORE\Cake\Error\ExceptionRenderer.php, line 274
ExceptionRenderer::error400() - CORE\Cake\Error\ExceptionRenderer.php, line 220
ExceptionRenderer::render() - CORE\Cake\Error\ExceptionRenderer.php, line 176
ErrorHandler::handleException() - CORE\Cake\Error\ErrorHandler.php, line 123
[main] - [internal], line ??

2014-04-30 11:24:58 Debug: Notice (1024): Element Not Found: Elements\FrontEnd\header_without_login.ctp in [C:\xampp\htdocs\jouleinfra\lib\Cake\View\View.php, line 421]
Trace:
View::element() - CORE\Cake\View\View.php, line 421
include - APP\View\Layouts\FrontEnd\default.ctp, line 29
View::_evaluate() - CORE\Cake\View\View.php, line 948
View::_render() - CORE\Cake\View\View.php, line 910
View::renderLayout() - CORE\Cake\View\View.php, line 535
View::render() - CORE\Cake\View\View.php, line 479
Controller::render() - CORE\Cake\Controller\Controller.php, line 948
ExceptionRenderer::_outputMessage() - CORE\Cake\Error\ExceptionRenderer.php, line 274
ExceptionRenderer::error400() - CORE\Cake\Error\ExceptionRenderer.php, line 220
ExceptionRenderer::render() - CORE\Cake\Error\ExceptionRenderer.php, line 176
ErrorHandler::handleException() - CORE\Cake\Error\ErrorHandler.php, line 123
[main] - [internal], line ??

2014-04-30 11:24:58 Debug: Notice (1024): Element Not Found: Elements\FrontEnd\footer.ctp in [C:\xampp\htdocs\jouleinfra\lib\Cake\View\View.php, line 421]
Trace:
View::element() - CORE\Cake\View\View.php, line 421
include - APP\View\Layouts\FrontEnd\default.ctp, line 35
View::_evaluate() - CORE\Cake\View\View.php, line 948
View::_render() - CORE\Cake\View\View.php, line 910
View::renderLayout() - CORE\Cake\View\View.php, line 535
View::render() - CORE\Cake\View\View.php, line 479
Controller::render() - CORE\Cake\Controller\Controller.php, line 948
ExceptionRenderer::_outputMessage() - CORE\Cake\Error\ExceptionRenderer.php, line 274
ExceptionRenderer::error400() - CORE\Cake\Error\ExceptionRenderer.php, line 220
ExceptionRenderer::render() - CORE\Cake\Error\ExceptionRenderer.php, line 176
ErrorHandler::handleException() - CORE\Cake\Error\ErrorHandler.php, line 123
[main] - [internal], line ??

2014-04-30 11:24:58 Debug: Notice (1024): Element Not Found: Elements\FrontEnd\header_without_login.ctp in [C:\xampp\htdocs\jouleinfra\lib\Cake\View\View.php, line 421]
Trace:
View::element() - CORE\Cake\View\View.php, line 421
include - APP\View\Layouts\FrontEnd\default.ctp, line 29
View::_evaluate() - CORE\Cake\View\View.php, line 948
View::_render() - CORE\Cake\View\View.php, line 910
View::renderLayout() - CORE\Cake\View\View.php, line 535
View::render() - CORE\Cake\View\View.php, line 479
Controller::render() - CORE\Cake\Controller\Controller.php, line 948
ExceptionRenderer::_outputMessage() - CORE\Cake\Error\ExceptionRenderer.php, line 274
ExceptionRenderer::error400() - CORE\Cake\Error\ExceptionRenderer.php, line 220
ExceptionRenderer::render() - CORE\Cake\Error\ExceptionRenderer.php, line 176
ErrorHandler::handleException() - CORE\Cake\Error\ErrorHandler.php, line 123
[main] - [internal], line ??

2014-04-30 11:24:58 Debug: Notice (1024): Element Not Found: Elements\FrontEnd\footer.ctp in [C:\xampp\htdocs\jouleinfra\lib\Cake\View\View.php, line 421]
Trace:
View::element() - CORE\Cake\View\View.php, line 421
include - APP\View\Layouts\FrontEnd\default.ctp, line 35
View::_evaluate() - CORE\Cake\View\View.php, line 948
View::_render() - CORE\Cake\View\View.php, line 910
View::renderLayout() - CORE\Cake\View\View.php, line 535
View::render() - CORE\Cake\View\View.php, line 479
Controller::render() - CORE\Cake\Controller\Controller.php, line 948
ExceptionRenderer::_outputMessage() - CORE\Cake\Error\ExceptionRenderer.php, line 274
ExceptionRenderer::error400() - CORE\Cake\Error\ExceptionRenderer.php, line 220
ExceptionRenderer::render() - CORE\Cake\Error\ExceptionRenderer.php, line 176
ErrorHandler::handleException() - CORE\Cake\Error\ErrorHandler.php, line 123
[main] - [internal], line ??

2014-09-18 06:06:47 Notice: Notice (8): Undefined index: profile_pic in [/home/smart/public_html/dev/chatting_app/app/Controller/ApiController.php, line 628]
Trace:
ApiController::facebook_login() - APP/Controller/ApiController.php, line 628
ReflectionMethod::invokeArgs() - [internal], line ??
Controller::invokeAction() - CORE/Cake/Controller/Controller.php, line 486
Dispatcher::_invoke() - CORE/Cake/Routing/Dispatcher.php, line 187
Dispatcher::dispatch() - CORE/Cake/Routing/Dispatcher.php, line 162
[main] - APP/webroot/index.php, line 109

