2014-11-04 14:47:47 Error: [SocketException] Could not send email.
Request URL: /chatting_app/api/registration
Stack Trace:
#0 D:\wamp\www\chatting_app\lib\Cake\Network\Email\MailTransport.php(47): MailTransport->_mail('hongchengmin201...', 'Your account ha...', '<html>??<head>?...', 'From: test@gmai...', NULL)
#1 D:\wamp\www\chatting_app\lib\Cake\Network\Email\CakeEmail.php(1066): MailTransport->send(Object(CakeEmail))
#2 D:\wamp\www\chatting_app\lib\Cake\Controller\Component\EmailComponent.php(347): CakeEmail->send(NULL)
#3 D:\wamp\www\chatting_app\app\Controller\ApiController.php(80): EmailComponent->send()
#4 [internal function]: ApiController->registration()
#5 D:\wamp\www\chatting_app\lib\Cake\Controller\Controller.php(486): ReflectionMethod->invokeArgs(Object(ApiController), Array)
#6 D:\wamp\www\chatting_app\lib\Cake\Routing\Dispatcher.php(187): Controller->invokeAction(Object(CakeRequest))
#7 D:\wamp\www\chatting_app\lib\Cake\Routing\Dispatcher.php(162): Dispatcher->_invoke(Object(ApiController), Object(CakeRequest), Object(CakeResponse))
#8 D:\wamp\www\chatting_app\app\webroot\index.php(109): Dispatcher->dispatch(Object(CakeRequest), Object(CakeResponse))
#9 {main}
2014-11-05 01:43:51 Error: [MissingActionException] Action AppController::webroot() could not be found.
Exception Attributes: array (
  'controller' => 'AppController',
  'action' => 'webroot',
)
Request URL: /chatting_app/app/webroot/img/Profile_pic/1412124518upload.jpeg
Stack Trace:
#0 D:\wamp\www\chatting_app\lib\Cake\Routing\Dispatcher.php(187): Controller->invokeAction(Object(CakeRequest))
#1 D:\wamp\www\chatting_app\lib\Cake\Routing\Dispatcher.php(162): Dispatcher->_invoke(Object(AppController), Object(CakeRequest), Object(CakeResponse))
#2 D:\wamp\www\chatting_app\app\webroot\index.php(109): Dispatcher->dispatch(Object(CakeRequest), Object(CakeResponse))
#3 {main}
2014-11-05 03:48:03 Error: [MissingViewException] View file "D:\wamp\www\chatting_app\app\View\Api\search.ctp" is missing.
Exception Attributes: array (
  'file' => 'D:\\wamp\\www\\chatting_app\\app\\View\\Api\\search.ctp',
)
Request URL: /chatting_app/api/search
Stack Trace:
#0 D:\wamp\www\chatting_app\lib\Cake\View\View.php(468): View->_getViewFileName(NULL)
#1 D:\wamp\www\chatting_app\lib\Cake\Controller\Controller.php(948): View->render(NULL, NULL)
#2 D:\wamp\www\chatting_app\lib\Cake\Routing\Dispatcher.php(194): Controller->render()
#3 D:\wamp\www\chatting_app\lib\Cake\Routing\Dispatcher.php(162): Dispatcher->_invoke(Object(ApiController), Object(CakeRequest), Object(CakeResponse))
#4 D:\wamp\www\chatting_app\app\webroot\index.php(109): Dispatcher->dispatch(Object(CakeRequest), Object(CakeResponse))
#5 {main}
2014-11-05 03:53:34 Error: [PDOException] SQLSTATE[42000]: Syntax error or access violation: 1064 You have an error in your SQL syntax; check the manual that corresponds to your MySQL server version for the right syntax to use near 'WHERE YEAR(CURDATE()) - YEAR(dob) == 32' at line 1
Request URL: /chatting_app/api/search
Stack Trace:
#0 D:\wamp\www\chatting_app\lib\Cake\Model\Datasource\DboSource.php(460): PDOStatement->execute(Array)
#1 D:\wamp\www\chatting_app\lib\Cake\Model\Datasource\DboSource.php(426): DboSource->_execute('SELECT DISTINCT...', Array)
#2 D:\wamp\www\chatting_app\lib\Cake\Model\Datasource\DboSource.php(670): DboSource->execute('SELECT DISTINCT...', Array, Array)
#3 D:\wamp\www\chatting_app\lib\Cake\Model\Datasource\DboSource.php(539): DboSource->fetchAll('SELECT DISTINCT...')
#4 [internal function]: DboSource->query('SELECT DISTINCT...')
#5 D:\wamp\www\chatting_app\lib\Cake\Model\Model.php(3049): call_user_func_array(Array, Array)
#6 D:\wamp\www\chatting_app\app\Controller\ApiController.php(890): Model->query('SELECT DISTINCT...')
#7 [internal function]: ApiController->search()
#8 D:\wamp\www\chatting_app\lib\Cake\Controller\Controller.php(486): ReflectionMethod->invokeArgs(Object(ApiController), Array)
#9 D:\wamp\www\chatting_app\lib\Cake\Routing\Dispatcher.php(187): Controller->invokeAction(Object(CakeRequest))
#10 D:\wamp\www\chatting_app\lib\Cake\Routing\Dispatcher.php(162): Dispatcher->_invoke(Object(ApiController), Object(CakeRequest), Object(CakeResponse))
#11 D:\wamp\www\chatting_app\app\webroot\index.php(109): Dispatcher->dispatch(Object(CakeRequest), Object(CakeResponse))
#12 {main}
2014-11-05 04:32:41 Error: [PDOException] SQLSTATE[42S22]: Column not found: 1054 Unknown column 'A.dob' in 'where clause'
Request URL: /chatting_app/api/search
Stack Trace:
#0 D:\wamp\www\chatting_app\lib\Cake\Model\Datasource\DboSource.php(460): PDOStatement->execute(Array)
#1 D:\wamp\www\chatting_app\lib\Cake\Model\Datasource\DboSource.php(426): DboSource->_execute('SELECT B.* FROM...', Array)
#2 D:\wamp\www\chatting_app\lib\Cake\Model\Datasource\DboSource.php(670): DboSource->execute('SELECT B.* FROM...', Array, Array)
#3 D:\wamp\www\chatting_app\lib\Cake\Model\Datasource\DboSource.php(539): DboSource->fetchAll('SELECT B.* FROM...')
#4 [internal function]: DboSource->query('SELECT B.* FROM...')
#5 D:\wamp\www\chatting_app\lib\Cake\Model\Model.php(3049): call_user_func_array(Array, Array)
#6 D:\wamp\www\chatting_app\app\Controller\ApiController.php(890): Model->query('SELECT B.* FROM...')
#7 [internal function]: ApiController->search()
#8 D:\wamp\www\chatting_app\lib\Cake\Controller\Controller.php(486): ReflectionMethod->invokeArgs(Object(ApiController), Array)
#9 D:\wamp\www\chatting_app\lib\Cake\Routing\Dispatcher.php(187): Controller->invokeAction(Object(CakeRequest))
#10 D:\wamp\www\chatting_app\lib\Cake\Routing\Dispatcher.php(162): Dispatcher->_invoke(Object(ApiController), Object(CakeRequest), Object(CakeResponse))
#11 D:\wamp\www\chatting_app\app\webroot\index.php(109): Dispatcher->dispatch(Object(CakeRequest), Object(CakeResponse))
#12 {main}
2014-11-05 05:15:02 Error: [MissingActionException] Action AppController::webroot() could not be found.
Exception Attributes: array (
  'controller' => 'AppController',
  'action' => 'webroot',
)
Request URL: /chatting_app/app/webroot/img/Profile_pic/1412124518upload.jpeg
Stack Trace:
#0 D:\wamp\www\chatting_app\lib\Cake\Routing\Dispatcher.php(187): Controller->invokeAction(Object(CakeRequest))
#1 D:\wamp\www\chatting_app\lib\Cake\Routing\Dispatcher.php(162): Dispatcher->_invoke(Object(AppController), Object(CakeRequest), Object(CakeResponse))
#2 D:\wamp\www\chatting_app\app\webroot\index.php(109): Dispatcher->dispatch(Object(CakeRequest), Object(CakeResponse))
#3 {main}
2014-11-05 05:15:11 Error: [MissingActionException] Action AppController::webroot() could not be found.
Exception Attributes: array (
  'controller' => 'AppController',
  'action' => 'webroot',
)
Request URL: /chatting_app/app/webroot/img/Profile_pic/1412124904upload.jpeg
Stack Trace:
#0 D:\wamp\www\chatting_app\lib\Cake\Routing\Dispatcher.php(187): Controller->invokeAction(Object(CakeRequest))
#1 D:\wamp\www\chatting_app\lib\Cake\Routing\Dispatcher.php(162): Dispatcher->_invoke(Object(AppController), Object(CakeRequest), Object(CakeResponse))
#2 D:\wamp\www\chatting_app\app\webroot\index.php(109): Dispatcher->dispatch(Object(CakeRequest), Object(CakeResponse))
#3 {main}
2014-11-05 05:15:12 Error: [MissingActionException] Action AppController::webroot() could not be found.
Exception Attributes: array (
  'controller' => 'AppController',
  'action' => 'webroot',
)
Request URL: /chatting_app/app/webroot/img/Profile_pic/1412180561upload.jpeg
Stack Trace:
#0 D:\wamp\www\chatting_app\lib\Cake\Routing\Dispatcher.php(187): Controller->invokeAction(Object(CakeRequest))
#1 D:\wamp\www\chatting_app\lib\Cake\Routing\Dispatcher.php(162): Dispatcher->_invoke(Object(AppController), Object(CakeRequest), Object(CakeResponse))
#2 D:\wamp\www\chatting_app\app\webroot\index.php(109): Dispatcher->dispatch(Object(CakeRequest), Object(CakeResponse))
#3 {main}
2014-11-05 05:15:14 Error: [MissingActionException] Action AppController::webroot() could not be found.
Exception Attributes: array (
  'controller' => 'AppController',
  'action' => 'webroot',
)
Request URL: /chatting_app/app/webroot/img/Profile_pic/1412216245upload.jpeg
Stack Trace:
#0 D:\wamp\www\chatting_app\lib\Cake\Routing\Dispatcher.php(187): Controller->invokeAction(Object(CakeRequest))
#1 D:\wamp\www\chatting_app\lib\Cake\Routing\Dispatcher.php(162): Dispatcher->_invoke(Object(AppController), Object(CakeRequest), Object(CakeResponse))
#2 D:\wamp\www\chatting_app\app\webroot\index.php(109): Dispatcher->dispatch(Object(CakeRequest), Object(CakeResponse))
#3 {main}
2014-11-07 03:41:25 Error: [PDOException] SQLSTATE[42000]: Syntax error or access violation: 1064 You have an error in your SQL syntax; check the manual that corresponds to your MySQL server version for the right syntax to use near 'AND B.distance < '20'' at line 1
Request URL: /chatting_app/api/search
Stack Trace:
#0 D:\wamp\www\chatting_app\lib\Cake\Model\Datasource\DboSource.php(460): PDOStatement->execute(Array)
#1 D:\wamp\www\chatting_app\lib\Cake\Model\Datasource\DboSource.php(426): DboSource->_execute('SELECT B.* FROM...', Array)
#2 D:\wamp\www\chatting_app\lib\Cake\Model\Datasource\DboSource.php(670): DboSource->execute('SELECT B.* FROM...', Array, Array)
#3 D:\wamp\www\chatting_app\lib\Cake\Model\Datasource\DboSource.php(539): DboSource->fetchAll('SELECT B.* FROM...')
#4 [internal function]: DboSource->query('SELECT B.* FROM...')
#5 D:\wamp\www\chatting_app\lib\Cake\Model\Model.php(3049): call_user_func_array(Array, Array)
#6 D:\wamp\www\chatting_app\app\Controller\ApiController.php(968): Model->query('SELECT B.* FROM...')
#7 [internal function]: ApiController->search()
#8 D:\wamp\www\chatting_app\lib\Cake\Controller\Controller.php(486): ReflectionMethod->invokeArgs(Object(ApiController), Array)
#9 D:\wamp\www\chatting_app\lib\Cake\Routing\Dispatcher.php(187): Controller->invokeAction(Object(CakeRequest))
#10 D:\wamp\www\chatting_app\lib\Cake\Routing\Dispatcher.php(162): Dispatcher->_invoke(Object(ApiController), Object(CakeRequest), Object(CakeResponse))
#11 D:\wamp\www\chatting_app\app\webroot\index.php(109): Dispatcher->dispatch(Object(CakeRequest), Object(CakeResponse))
#12 {main}
2014-11-07 05:56:03 Error: [MissingActionException] Action AppController::webroot() could not be found.
Exception Attributes: array (
  'controller' => 'AppController',
  'action' => 'webroot',
)
Request URL: /chatting_app/app/webroot/img/Profile_pic/1415339761upload.jpeg
Stack Trace:
#0 D:\wamp\www\chatting_app\lib\Cake\Routing\Dispatcher.php(187): Controller->invokeAction(Object(CakeRequest))
#1 D:\wamp\www\chatting_app\lib\Cake\Routing\Dispatcher.php(162): Dispatcher->_invoke(Object(AppController), Object(CakeRequest), Object(CakeResponse))
#2 D:\wamp\www\chatting_app\app\webroot\index.php(109): Dispatcher->dispatch(Object(CakeRequest), Object(CakeResponse))
#3 {main}
2014-11-07 05:56:18 Error: [MissingActionException] Action AppController::webroot() could not be found.
Exception Attributes: array (
  'controller' => 'AppController',
  'action' => 'webroot',
)
Request URL: /chatting_app/app/webroot/img/Profile_pic/1415339761upload.jpeg
Stack Trace:
#0 D:\wamp\www\chatting_app\lib\Cake\Routing\Dispatcher.php(187): Controller->invokeAction(Object(CakeRequest))
#1 D:\wamp\www\chatting_app\lib\Cake\Routing\Dispatcher.php(162): Dispatcher->_invoke(Object(AppController), Object(CakeRequest), Object(CakeResponse))
#2 D:\wamp\www\chatting_app\app\webroot\index.php(109): Dispatcher->dispatch(Object(CakeRequest), Object(CakeResponse))
#3 {main}
2014-11-07 05:56:18 Error: [MissingActionException] Action AppController::webroot() could not be found.
Exception Attributes: array (
  'controller' => 'AppController',
  'action' => 'webroot',
)
Request URL: /chatting_app/app/webroot/img/Profile_pic/1415339761upload.jpeg
Stack Trace:
#0 D:\wamp\www\chatting_app\lib\Cake\Routing\Dispatcher.php(187): Controller->invokeAction(Object(CakeRequest))
#1 D:\wamp\www\chatting_app\lib\Cake\Routing\Dispatcher.php(162): Dispatcher->_invoke(Object(AppController), Object(CakeRequest), Object(CakeResponse))
#2 D:\wamp\www\chatting_app\app\webroot\index.php(109): Dispatcher->dispatch(Object(CakeRequest), Object(CakeResponse))
#3 {main}
